Build started 2015/5/15 2:36:49.
     1>Project "H:\Neutron\build\Windows_vc120\NeutronSystem\NeutronSystem.vcxproj" on node 2 (Build target(s)).
     1>Link:
         F:\Microsoft Visual Studio 12.0\VC\bin\link.exe /ERRORREPORT:PROMPT /OUT:"H:\Neutron\build\Windows_vc120\../../intermediate/x86/NeutronSystem.dll" /INCREMENTAL:NO /NOLOGO /LIBPATH:H:\Neutron\intermediate\x86\ NeutronFoundation.lib kernel32.lib user32.lib gdi32.lib winspool.lib comdlg32.lib advapi32.lib shell32.lib ole32.lib oleaut32.lib uuid.lib odbc32.lib odbccp32.lib kernel32.lib user32.lib gdi32.lib winspool.lib comdlg32.lib advapi32.lib shell32.lib ole32.lib oleaut32.lib uuid.lib odbc32.lib odbccp32.lib /MANIFEST /MANIFESTUAC:"level='asInvoker' uiAccess='false'" /manifest:embed /DEBUG /PDB:"H:\Neutron\build\Windows_vc120\../../intermediate/x86/NeutronSystem.pdb" /SUBSYSTEM:WINDOWS /OPT:REF /OPT:ICF /LTCG /TLBID:1 /DYNAMICBASE /NXCOMPAT /IMPLIB:"H:\Neutron\build\Windows_vc120\../../intermediate/x86/NeutronSystem.lib" /MACHINE:X86 /SAFESEH /DLL Release\NeutronDevice.obj
         Release\NeutronPlugin.obj
         Release\NeutronRenderDevice.obj
         Release\NeutronResource.obj
         Release\NeutronSystem.obj
            Creating library H:\Neutron\build\Windows_vc120\../../intermediate/x86/NeutronSystem.lib and object H:\Neutron\build\Windows_vc120\../../intermediate/x86/NeutronSystem.exp
         Generating code
         Finished generating code
         NeutronSystem.vcxproj -> H:\Neutron\build\Windows_vc120\../../intermediate/x86/NeutronSystem.dll
       PostBuildEvent:
         xcopy /y "H:\Neutron\intermediate\x86\NeutronSystem.dll" "H:\Neutron\build\Windows_vc120\../../bin"
         :VCEnd
         H:\Neutron\intermediate\x86\NeutronSystem.dll
         复制了 1 个文件
     1>Done Building Project "H:\Neutron\build\Windows_vc120\NeutronSystem\NeutronSystem.vcxproj" (Build target(s)).

Build succeeded.

Time Elapsed 00:00:00.81
